[35m[Appium][39m Welcome to Appium v1.22.3
[35m[Appium][39m Non-default server args:
[35m[Appium][39m   port: 52763
[35m[Appium][39m   loglevel: info
[35m[Appium][39m   tmpDir: C:\Users\rianf\AppData\Local\Temp\\Katalon\Appium\Temp1649407869164
[35m[Appium][39m   chromedriverPort: 52764
[35m[Appium][39m Deprecated server args:
[35m[Appium][39m   [31m--chromedriver-port[39m => --default-capabilities
[35m[Appium][39m Default capabilities, which will be added to each request unless overridden by desired capabilities:
[35m[Appium][39m   chromedriverPort: 52764
[35m[Appium][39m Appium REST http interface listener started on 0.0.0.0:52763
[35m[HTTP][39m [37m-->[39m [37mGET[39m [37m/wd/hub/status[39m
[35m[HTTP][39m [90m{}[39m
[35m[HTTP][39m [37m<-- GET /wd/hub/status [39m[32m200[39m [90m4 ms - 68[39m
[35m[HTTP][39m [90m[39m
[35m[HTTP][39m [37m-->[39m [37mGET[39m [37m/wd/hub/status[39m
[35m[HTTP][39m [90m{}[39m
[35m[HTTP][39m [37m<-- GET /wd/hub/status [39m[32m200[39m [90m1 ms - 68[39m
[35m[HTTP][39m [90m[39m
[35m[HTTP][39m [37m-->[39m [37mPOST[39m [37m/wd/hub/session[39m
[35m[HTTP][39m [90m{"desiredCapabilities":{"app":"C:\\Users\\rianf\\Downloads\\traveloka-3-42-0.apk","noReset":true,"appWaitActivity":"*","deviceId":"emulator-5554","deviceName":"emulator-5554 (Android SDK built for x86 - Android 10)","fullReset":false,"platform":"ANDROID","newCommandTimeout":1800,"platformVersion":"10","automationName":"uiautomator2","autoGrantPermissions":true,"platformName":"Android","udid":"emulator-5554","systemPort":52769},"capabilities":{"firstMatch":[{"appium:app":"C:\\Users\\rianf\\Downloads\\traveloka-3-42-0.apk","appium:appWaitActivity":"*","appium:autoGrantPermissions":true,"appium:automationName":"uiautomator2","deviceId":"emulator-5554","appium:deviceName":"emulator-5554 (Android SDK built for x86 - Android 10)","appium:fullReset":false,"appium:newCommandTimeout":1800,"appium:noReset":true,"platform":"ANDROID","platformName":"android","appium:platformVersion":"10","appium:systemPort":52769,"appium:udid":"emulator-5554"}]}}[39m
[35m[BaseDriver][39m The following capabilities are not standard capabilities and should have an extension prefix:
[35m[BaseDriver][39m   deviceId
[35m[BaseDriver][39m   platform
[35m[BaseDriver][39m   chromedriverPort
[35m[Appium][39m Appium v1.22.3 creating new AndroidUiautomator2Driver (v1.70.1) session
[35m[BaseDriver][39m The following capabilities were provided, but are not recognized by Appium:
[35m[BaseDriver][39m   deviceId
[35m[BaseDriver][39m   platform
[35m[BaseDriver][39m Session created with session id: 069033d9-87a7-48b8-8e15-6e752203fec7
[35m[BaseDriver][39m Using local app 'C:\Users\rianf\Downloads\traveloka-3-42-0.apk'
[35m[ADB][39m Found 1 'build-tools' folders under 'C:\Users\rianf\.katalon\tools\android_sdk' (newest first):
[35m[ADB][39m     C:/Users/rianf/.katalon/tools/android_sdk/build-tools/29.0.3
[35m[ADB][39m Using 'adb.exe' from 'C:\Users\rianf\.katalon\tools\android_sdk\platform-tools\adb.exe'
[35m[AndroidDriver][39m Retrieving device list
[35m[AndroidDriver][39m Using device: emulator-5554
[35m[ADB][39m Using 'adb.exe' from 'C:\Users\rianf\.katalon\tools\android_sdk\platform-tools\adb.exe'
[35m[ADB][39m Getting device platform version
[35m[UiAutomator2][39m Relaxing hidden api policy
[35m[ADB][39m Package name: 'com.traveloka.android'
[35m[ADB][39m Main activity name: 'com.traveloka.android.appentry.splash.SplashActivity'
[35m[ADB][39m The application at 'C:\Users\rianf\AppData\Roaming\npm\node_modules\appium\node_modules\io.appium.settings\apks\settings_apk-debug.apk' will not be cached, because the device under test has confirmed the support of streamed installs
[35m[ADB][39m The installation of 'settings_apk-debug.apk' took 681ms
[35m[ADB][39m Using 'apksigner.jar' from 'C:\Users\rianf\.katalon\tools\android_sdk\build-tools\29.0.3\lib\apksigner.jar'
[35m[ADB][39m 'C:\Users\rianf\AppData\Roaming\npm\node_modules\appium\node_modules\appium-uiautomator2-server\apks\appium-uiautomator2-server-v4.27.0.apk' is signed with the default certificate
[35m[ADB][39m 'C:\Users\rianf\AppData\Roaming\npm\node_modules\appium\node_modules\appium-uiautomator2-server\apks\appium-uiautomator2-server-debug-androidTest.apk' is signed with the default certificate
[35m[UiAutomator2][39m Server packages are going to be (re)installed
[35m[ADB][39m The application at 'C:\Users\rianf\AppData\Roaming\npm\node_modules\appium\node_modules\appium-uiautomator2-server\apks\appium-uiautomator2-server-v4.27.0.apk' will not be cached, because the device under test has confirmed the support of streamed installs
[35m[ADB][39m The installation of 'appium-uiautomator2-server-v4.27.0.apk' took 380ms
[35m[ADB][39m The application at 'C:\Users\rianf\AppData\Roaming\npm\node_modules\appium\node_modules\appium-uiautomator2-server\apks\appium-uiautomator2-server-debug-androidTest.apk' will not be cached, because the device under test has confirmed the support of streamed installs
[35m[ADB][39m The installation of 'appium-uiautomator2-server-debug-androidTest.apk' took 638ms
[35m[ADB][39m Adding packages ["io.appium.settings","io.appium.uiautomator2.server","io.appium.uiautomator2.server.test"] to Doze whitelist
[35m[ADB][39m 'C:\Users\rianf\Downloads\traveloka-3-42-0.apk' is signed with a non-default certificate
[35m[ADB][39m The application at 'C:\Users\rianf\Downloads\traveloka-3-42-0.apk' will not be cached, because the device under test has confirmed the support of streamed installs
[35m[ADB][39m The installation of 'traveloka-3-42-0.apk' took 40926ms
[35m[UiAutomator2][39m Starting UIAutomator2 server 4.27.0
[35m[UiAutomator2][39m Using UIAutomator2 server from 'C:\Users\rianf\AppData\Roaming\npm\node_modules\appium\node_modules\appium-uiautomator2-server\apks\appium-uiautomator2-server-v4.27.0.apk' and test from 'C:\Users\rianf\AppData\Roaming\npm\node_modules\appium\node_modules\appium-uiautomator2-server\apks\appium-uiautomator2-server-debug-androidTest.apk'
[35m[UiAutomator2][39m Waiting up to 30000ms for UiAutomator2 to be online...
[35m[WD Proxy][39m socket hang up
[35m[WD Proxy][39m socket hang up
[35m[WD Proxy][39m socket hang up
[35m[WD Proxy][39m socket hang up
[35m[WD Proxy][39m socket hang up
[35m[WD Proxy][39m socket hang up
[35m[WD Proxy][39m Determined the downstream protocol as 'W3C'
[35m[AndroidDriver][39m Screen already unlocked, doing nothing
[35m[UiAutomator2][39m Starting 'com.traveloka.android/com.traveloka.android.appentry.splash.SplashActivity and waiting for 'com.traveloka.android/*'
[35m[Appium][39m New AndroidUiautomator2Driver session created successfully, session 069033d9-87a7-48b8-8e15-6e752203fec7 added to master session list
[35m[HTTP][39m [37m<-- POST /wd/hub/session [39m[32m200[39m [90m68788 ms - 1402[39m
[35m[HTTP][39m [90m[39m
[35m[HTTP][39m [37m-->[39m [37mGET[39m [37m/wd/hub/session/069033d9-87a7-48b8-8e15-6e752203fec7[39m
[35m[HTTP][39m [90m{}[39m
[35m[HTTP][39m [37m<-- GET /wd/hub/session/069033d9-87a7-48b8-8e15-6e752203fec7 [39m[32m200[39m [90m15 ms - 1356[39m
[35m[HTTP][39m [90m[39m
[35m[HTTP][39m [37m-->[39m [37mGET[39m [37m/wd/hub/session/069033d9-87a7-48b8-8e15-6e752203fec7[39m
[35m[HTTP][39m [90m{}[39m
[35m[HTTP][39m [37m<-- GET /wd/hub/session/069033d9-87a7-48b8-8e15-6e752203fec7 [39m[32m200[39m [90m15 ms - 1356[39m
[35m[HTTP][39m [90m[39m
[35m[HTTP][39m [37m-->[39m [37mGET[39m [37m/wd/hub/status[39m
[35m[HTTP][39m [90m{}[39m
[35m[HTTP][39m [37m<-- GET /wd/hub/status [39m[32m200[39m [90m1 ms - 68[39m
[35m[HTTP][39m [90m[39m
[35m[HTTP][39m [37m-->[39m [37mPOST[39m [37m/wd/hub/session/069033d9-87a7-48b8-8e15-6e752203fec7/timeouts[39m
[35m[HTTP][39m [90m{"implicit":60000}[39m
[35m[HTTP][39m [37m<-- POST /wd/hub/session/069033d9-87a7-48b8-8e15-6e752203fec7/timeouts [39m[32m200[39m [90m4 ms - 14[39m
[35m[HTTP][39m [90m[39m
[35m[HTTP][39m [37m-->[39m [37mGET[39m [37m/wd/hub/session/069033d9-87a7-48b8-8e15-6e752203fec7/source[39m
[35m[HTTP][39m [90m{}[39m
[35m[W3C (069033d9)][39m Driver proxy active, passing request on via HTTP proxy
[35m[WD Proxy][39m Replacing sessionId 2a65c969-c0f3-41fb-8b4b-92994a618493 with 069033d9-87a7-48b8-8e15-6e752203fec7
[35m[HTTP][39m [37m<-- GET /wd/hub/session/069033d9-87a7-48b8-8e15-6e752203fec7/source [39m[32m200[39m [90m1946 ms - 14416[39m
[35m[HTTP][39m [90m[39m
[35m[HTTP][39m [37m-->[39m [37mGET[39m [37m/wd/hub/session/069033d9-87a7-48b8-8e15-6e752203fec7/screenshot[39m
[35m[HTTP][39m [90m{}[39m
[35m[HTTP][39m [37m<-- GET /wd/hub/session/069033d9-87a7-48b8-8e15-6e752203fec7/screenshot [39m[32m200[39m [90m534 ms - 84930[39m
[35m[HTTP][39m [90m[39m
[35m[HTTP][39m [37m-->[39m [37mGET[39m [37m/wd/hub/session/069033d9-87a7-48b8-8e15-6e752203fec7/source[39m
[35m[HTTP][39m [90m{}[39m
[35m[W3C (069033d9)][39m Driver proxy active, passing request on via HTTP proxy
[35m[WD Proxy][39m Replacing sessionId 2a65c969-c0f3-41fb-8b4b-92994a618493 with 069033d9-87a7-48b8-8e15-6e752203fec7
[35m[HTTP][39m [37m<-- GET /wd/hub/session/069033d9-87a7-48b8-8e15-6e752203fec7/source [39m[32m200[39m [90m129 ms - 16851[39m
[35m[HTTP][39m [90m[39m
[35m[HTTP][39m [37m-->[39m [37mGET[39m [37m/wd/hub/session/069033d9-87a7-48b8-8e15-6e752203fec7/screenshot[39m
[35m[HTTP][39m [90m{}[39m
[35m[WD Proxy][39m Got response with status 500: {"sessionId":"2a65c969-c0f3-41fb-8b4b-92994a618493","value":{"error":"unable to capture screen","message":"Failed to capture a screenshot. Does the current view have 'secure' flag set?","stacktrace":"io.appium.uiautomator2.common.exceptions.TakeScreenshotException: Failed to capture a screenshot. Does the current view have 'secure' flag set?\n\tat io.appium.uiautomator2.utils.ScreenshotHelper.takeDeviceScreenshot(ScreenshotHelper.java:129)\n\tat io.appium.uiautomator2.utils.ScreenshotHelper.takeScreenshot(ScreenshotHelper.java:62)\n\tat io.appium.uiautomator2.utils.ScreenshotHelper.takeScreenshot(ScreenshotHelper.java:77)\n\tat io.appium.uiautomator2.handler.CaptureScreenshot.safeHandle(CaptureScreenshot.java:32)\n\tat io.appium.uiautomator2.handler.request.SafeRequestHandler.handle(SafeRequestHandler.java:59)\n\tat io.appium.uiautomator2.server.AppiumServlet.handleRequest(AppiumServlet.java:266)\n\tat io.appium.uiautomator2.server.AppiumServlet.handleHttpRequest(AppiumServlet.java:260)\n\tat io.appium.uia...
[35m[HTTP][39m [37m<-- GET /wd/hub/session/069033d9-87a7-48b8-8e15-6e752203fec7/screenshot [39m[31m500[39m [90m153 ms - 4082[39m
[35m[HTTP][39m [90m[39m
[35m[HTTP][39m [37m-->[39m [37mGET[39m [37m/wd/hub/session/069033d9-87a7-48b8-8e15-6e752203fec7/source[39m
[35m[HTTP][39m [90m{}[39m
[35m[W3C (069033d9)][39m Driver proxy active, passing request on via HTTP proxy
[35m[WD Proxy][39m Replacing sessionId 2a65c969-c0f3-41fb-8b4b-92994a618493 with 069033d9-87a7-48b8-8e15-6e752203fec7
[35m[HTTP][39m [37m<-- GET /wd/hub/session/069033d9-87a7-48b8-8e15-6e752203fec7/source [39m[32m200[39m [90m122 ms - 7656[39m
[35m[HTTP][39m [90m[39m
[35m[HTTP][39m [37m-->[39m [37mGET[39m [37m/wd/hub/session/069033d9-87a7-48b8-8e15-6e752203fec7/screenshot[39m
[35m[HTTP][39m [90m{}[39m
[35m[HTTP][39m [37m<-- GET /wd/hub/session/069033d9-87a7-48b8-8e15-6e752203fec7/screenshot [39m[32m200[39m [90m524 ms - 498684[39m
[35m[HTTP][39m [90m[39m
[35m[HTTP][39m [37m-->[39m [37mGET[39m [37m/wd/hub/session/069033d9-87a7-48b8-8e15-6e752203fec7/window/rect[39m
[35m[HTTP][39m [90m{}[39m
[35m[HTTP][39m [37m<-- GET /wd/hub/session/069033d9-87a7-48b8-8e15-6e752203fec7/window/rect [39m[32m200[39m [90m18 ms - 50[39m
[35m[HTTP][39m [90m[39m
[35m[HTTP][39m [37m-->[39m [37mPOST[39m [37m/wd/hub/session/069033d9-87a7-48b8-8e15-6e752203fec7/elements[39m
[35m[HTTP][39m [90m{"using":"xpath","value":"//hierarchy/android.widget.FrameLayout[1]/android.widget.LinearLayout[1]/android.widget.FrameLayout[1]/android.widget.FrameLayout[1]/android.widget.FrameLayout[1]/android.view.ViewGroup[1]/android.widget.LinearLayout[1]/android.widget.TextView[2]"}[39m
[35m[HTTP][39m [37m<-- POST /wd/hub/session/069033d9-87a7-48b8-8e15-6e752203fec7/elements [39m[32m200[39m [90m487 ms - 139[39m
[35m[HTTP][39m [90m[39m
[35m[HTTP][39m [37m-->[39m [37mGET[39m [37m/wd/hub/session/069033d9-87a7-48b8-8e15-6e752203fec7/element/00000000-0000-000b-ffff-ffff00000200/location[39m
[35m[HTTP][39m [90m{}[39m
[35m[W3C (069033d9)][39m Driver proxy active, passing request on via HTTP proxy
[35m[WD Proxy][39m Replacing sessionId 2a65c969-c0f3-41fb-8b4b-92994a618493 with 069033d9-87a7-48b8-8e15-6e752203fec7
[35m[HTTP][39m [37m<-- GET /wd/hub/session/069033d9-87a7-48b8-8e15-6e752203fec7/element/00000000-0000-000b-ffff-ffff00000200/location [39m[32m200[39m [90m13 ms - 79[39m
[35m[HTTP][39m [90m[39m
[35m[HTTP][39m [37m-->[39m [37mPOST[39m [37m/wd/hub/session/069033d9-87a7-48b8-8e15-6e752203fec7/touch/perform[39m
[35m[HTTP][39m [90m{"actions":[{"action":"tap","options":{"x":1,"y":1,"element":"00000000-0000-000b-ffff-ffff00000200"}}]}[39m
[35m[UiAutomator2][39m calling get location: 00000000-0000-000b-ffff-ffff00000200
[35m[HTTP][39m [37m<-- POST /wd/hub/session/069033d9-87a7-48b8-8e15-6e752203fec7/touch/perform [39m[32m200[39m [90m168 ms - 14[39m
[35m[HTTP][39m [90m[39m
[35m[HTTP][39m [37m-->[39m [37mGET[39m [37m/wd/hub/session/069033d9-87a7-48b8-8e15-6e752203fec7/source[39m
[35m[HTTP][39m [90m{}[39m
[35m[W3C (069033d9)][39m Driver proxy active, passing request on via HTTP proxy
[35m[WD Proxy][39m Replacing sessionId 2a65c969-c0f3-41fb-8b4b-92994a618493 with 069033d9-87a7-48b8-8e15-6e752203fec7
[35m[HTTP][39m [37m<-- GET /wd/hub/session/069033d9-87a7-48b8-8e15-6e752203fec7/source [39m[32m200[39m [90m128 ms - 8491[39m
[35m[HTTP][39m [90m[39m
[35m[HTTP][39m [37m-->[39m [37mGET[39m [37m/wd/hub/session/069033d9-87a7-48b8-8e15-6e752203fec7/screenshot[39m
[35m[HTTP][39m [90m{}[39m
[35m[HTTP][39m [37m<-- GET /wd/hub/session/069033d9-87a7-48b8-8e15-6e752203fec7/screenshot [39m[32m200[39m [90m384 ms - 524632[39m
[35m[HTTP][39m [90m[39m
[35m[HTTP][39m [37m-->[39m [37mGET[39m [37m/wd/hub/session/069033d9-87a7-48b8-8e15-6e752203fec7/window/rect[39m
[35m[HTTP][39m [90m{}[39m
[35m[HTTP][39m [37m<-- GET /wd/hub/session/069033d9-87a7-48b8-8e15-6e752203fec7/window/rect [39m[32m200[39m [90m26 ms - 50[39m
[35m[HTTP][39m [90m[39m
[35m[HTTP][39m [37m-->[39m [37mPOST[39m [37m/wd/hub/session/069033d9-87a7-48b8-8e15-6e752203fec7/elements[39m
[35m[HTTP][39m [90m{"using":"xpath","value":"//hierarchy/android.widget.FrameLayout[1]/android.widget.LinearLayout[1]/android.widget.FrameLayout[1]/android.widget.FrameLayout[1]/android.widget.FrameLayout[1]/android.view.ViewGroup[1]/android.widget.LinearLayout[1]/android.widget.TextView[2]"}[39m
[35m[HTTP][39m [37m<-- POST /wd/hub/session/069033d9-87a7-48b8-8e15-6e752203fec7/elements [39m[32m200[39m [90m55 ms - 139[39m
[35m[HTTP][39m [90m[39m
[35m[HTTP][39m [37m-->[39m [37mGET[39m [37m/wd/hub/session/069033d9-87a7-48b8-8e15-6e752203fec7/element/00000000-0000-000c-ffff-ffff00000488/location[39m
[35m[HTTP][39m [90m{}[39m
[35m[W3C (069033d9)][39m Driver proxy active, passing request on via HTTP proxy
[35m[WD Proxy][39m Replacing sessionId 2a65c969-c0f3-41fb-8b4b-92994a618493 with 069033d9-87a7-48b8-8e15-6e752203fec7
[35m[HTTP][39m [37m<-- GET /wd/hub/session/069033d9-87a7-48b8-8e15-6e752203fec7/element/00000000-0000-000c-ffff-ffff00000488/location [39m[32m200[39m [90m32 ms - 78[39m
[35m[HTTP][39m [90m[39m
[35m[HTTP][39m [37m-->[39m [37mPOST[39m [37m/wd/hub/session/069033d9-87a7-48b8-8e15-6e752203fec7/touch/perform[39m
[35m[HTTP][39m [90m{"actions":[{"action":"tap","options":{"x":1,"y":1,"element":"00000000-0000-000c-ffff-ffff00000488"}}]}[39m
[35m[UiAutomator2][39m calling get location: 00000000-0000-000c-ffff-ffff00000488
[35m[HTTP][39m [37m<-- POST /wd/hub/session/069033d9-87a7-48b8-8e15-6e752203fec7/touch/perform [39m[32m200[39m [90m173 ms - 14[39m
[35m[HTTP][39m [90m[39m
[35m[HTTP][39m [37m-->[39m [37mGET[39m [37m/wd/hub/session/069033d9-87a7-48b8-8e15-6e752203fec7/source[39m
[35m[HTTP][39m [90m{}[39m
[35m[W3C (069033d9)][39m Driver proxy active, passing request on via HTTP proxy
[35m[WD Proxy][39m Replacing sessionId 2a65c969-c0f3-41fb-8b4b-92994a618493 with 069033d9-87a7-48b8-8e15-6e752203fec7
[35m[HTTP][39m [37m<-- GET /wd/hub/session/069033d9-87a7-48b8-8e15-6e752203fec7/source [39m[32m200[39m [90m705 ms - 3328[39m
[35m[HTTP][39m [90m[39m
[35m[HTTP][39m [37m-->[39m [37mGET[39m [37m/wd/hub/session/069033d9-87a7-48b8-8e15-6e752203fec7/screenshot[39m
[35m[HTTP][39m [90m{}[39m
[35m[HTTP][39m [37m<-- GET /wd/hub/session/069033d9-87a7-48b8-8e15-6e752203fec7/screenshot [39m[32m200[39m [90m387 ms - 884164[39m
[35m[HTTP][39m [90m[39m
[35m[HTTP][39m [37m-->[39m [37mGET[39m [37m/wd/hub/session/069033d9-87a7-48b8-8e15-6e752203fec7/source[39m
[35m[HTTP][39m [90m{}[39m
[35m[W3C (069033d9)][39m Driver proxy active, passing request on via HTTP proxy
[35m[WD Proxy][39m Replacing sessionId 2a65c969-c0f3-41fb-8b4b-92994a618493 with 069033d9-87a7-48b8-8e15-6e752203fec7
[35m[HTTP][39m [37m<-- GET /wd/hub/session/069033d9-87a7-48b8-8e15-6e752203fec7/source [39m[32m200[39m [90m91 ms - 3328[39m
[35m[HTTP][39m [90m[39m
[35m[HTTP][39m [37m-->[39m [37mGET[39m [37m/wd/hub/session/069033d9-87a7-48b8-8e15-6e752203fec7/screenshot[39m
[35m[HTTP][39m [90m{}[39m
[35m[HTTP][39m [37m<-- GET /wd/hub/session/069033d9-87a7-48b8-8e15-6e752203fec7/screenshot [39m[32m200[39m [90m635 ms - 884890[39m
[35m[HTTP][39m [90m[39m
[35m[HTTP][39m [37m-->[39m [37mGET[39m [37m/wd/hub/session/069033d9-87a7-48b8-8e15-6e752203fec7/window/rect[39m
[35m[HTTP][39m [90m{}[39m
[35m[HTTP][39m [37m<-- GET /wd/hub/session/069033d9-87a7-48b8-8e15-6e752203fec7/window/rect [39m[32m200[39m [90m15 ms - 50[39m
[35m[HTTP][39m [90m[39m
[35m[HTTP][39m [37m-->[39m [37mPOST[39m [37m/wd/hub/session/069033d9-87a7-48b8-8e15-6e752203fec7/elements[39m
[35m[HTTP][39m [90m{"using":"xpath","value":"//hierarchy/android.widget.FrameLayout[1]/android.widget.FrameLayout[1]/android.widget.FrameLayout[1]/android.widget.LinearLayout[1]/android.widget.LinearLayout[1]/android.view.ViewGroup[1]"}[39m
[35m[HTTP][39m [37m<-- POST /wd/hub/session/069033d9-87a7-48b8-8e15-6e752203fec7/elements [39m[32m200[39m [90m60031 ms - 12[39m
[35m[HTTP][39m [90m[39m
[35m[HTTP][39m [37m-->[39m [37mGET[39m [37m/wd/hub/session/069033d9-87a7-48b8-8e15-6e752203fec7/source[39m
[35m[HTTP][39m [90m{}[39m
[35m[W3C (069033d9)][39m Driver proxy active, passing request on via HTTP proxy
[35m[WD Proxy][39m Replacing sessionId 2a65c969-c0f3-41fb-8b4b-92994a618493 with 069033d9-87a7-48b8-8e15-6e752203fec7
[35m[HTTP][39m [37m<-- GET /wd/hub/session/069033d9-87a7-48b8-8e15-6e752203fec7/source [39m[32m200[39m [90m46 ms - 3328[39m
[35m[HTTP][39m [90m[39m
[35m[HTTP][39m [37m-->[39m [37mGET[39m [37m/wd/hub/session/069033d9-87a7-48b8-8e15-6e752203fec7/screenshot[39m
[35m[HTTP][39m [90m{}[39m
[35m[HTTP][39m [37m<-- GET /wd/hub/session/069033d9-87a7-48b8-8e15-6e752203fec7/screenshot [39m[32m200[39m [90m470 ms - 881232[39m
[35m[HTTP][39m [90m[39m
[35m[HTTP][39m [37m-->[39m [37mGET[39m [37m/wd/hub/session/069033d9-87a7-48b8-8e15-6e752203fec7/window/rect[39m
[35m[HTTP][39m [90m{}[39m
[35m[HTTP][39m [37m<-- GET /wd/hub/session/069033d9-87a7-48b8-8e15-6e752203fec7/window/rect [39m[32m200[39m [90m15 ms - 50[39m
[35m[HTTP][39m [90m[39m
[35m[HTTP][39m [37m-->[39m [37mPOST[39m [37m/wd/hub/session/069033d9-87a7-48b8-8e15-6e752203fec7/elements[39m
[35m[HTTP][39m [90m{"using":"xpath","value":"//hierarchy"}[39m
[35m[HTTP][39m [37m<-- POST /wd/hub/session/069033d9-87a7-48b8-8e15-6e752203fec7/elements [39m[32m200[39m [90m60055 ms - 12[39m
[35m[HTTP][39m [90m[39m
[35m[HTTP][39m [37m-->[39m [37mGET[39m [37m/wd/hub/session/069033d9-87a7-48b8-8e15-6e752203fec7/source[39m
[35m[HTTP][39m [90m{}[39m
[35m[W3C (069033d9)][39m Driver proxy active, passing request on via HTTP proxy
[35m[WD Proxy][39m Replacing sessionId 2a65c969-c0f3-41fb-8b4b-92994a618493 with 069033d9-87a7-48b8-8e15-6e752203fec7
[35m[HTTP][39m [37m<-- GET /wd/hub/session/069033d9-87a7-48b8-8e15-6e752203fec7/source [39m[32m200[39m [90m683 ms - 94982[39m
[35m[HTTP][39m [90m[39m
[35m[HTTP][39m [37m-->[39m [37mGET[39m [37m/wd/hub/session/069033d9-87a7-48b8-8e15-6e752203fec7/screenshot[39m
[35m[HTTP][39m [90m{}[39m
[35m[HTTP][39m [37m<-- GET /wd/hub/session/069033d9-87a7-48b8-8e15-6e752203fec7/screenshot [39m[32m200[39m [90m534 ms - 872460[39m
[35m[HTTP][39m [90m[39m
[35m[HTTP][39m [37m-->[39m [37mGET[39m [37m/wd/hub/session/069033d9-87a7-48b8-8e15-6e752203fec7/window/rect[39m
[35m[HTTP][39m [90m{}[39m
[35m[HTTP][39m [37m<-- GET /wd/hub/session/069033d9-87a7-48b8-8e15-6e752203fec7/window/rect [39m[32m200[39m [90m13 ms - 50[39m
[35m[HTTP][39m [90m[39m
[35m[HTTP][39m [37m-->[39m [37mPOST[39m [37m/wd/hub/session/069033d9-87a7-48b8-8e15-6e752203fec7/elements[39m
[35m[HTTP][39m [90m{"using":"xpath","value":"//hierarchy/android.widget.FrameLayout[1]/android.widget.LinearLayout[1]/android.widget.FrameLayout[1]/android.widget.FrameLayout[1]/android.widget.FrameLayout[1]/android.view.ViewGroup[1]/android.view.ViewGroup[1]/android.widget.FrameLayout[1]/android.widget.FrameLayout[1]/android.widget.FrameLayout[1]/android.widget.FrameLayout[1]/android.widget.FrameLayout[1]/android.widget.FrameLayout[1]/android.widget.FrameLayout[1]/androidx.recyclerview.widget.RecyclerView[1]/android.widget.FrameLayout[1]/android.view.ViewGroup[1]/android.widget.FrameLayout[2]/android.widget.LinearLayout[1]/android.widget.FrameLayout[1]/android.view.ViewGroup[1]/android.widget.LinearLayout[1]/androidx.viewpager.widget.ViewPager[1]/android.widget.FrameLayout[1]/androidx.recyclerview.widget.RecyclerView[1]/android.view.ViewGroup[1]/android.widget.TextView[1]"}[39m
[35m[HTTP][39m [37m<-- POST /wd/hub/session/069033d9-87a7-48b8-8e15-6e752203fec7/elements [39m[32m200[39m [90m125 ms - 139[39m
[35m[HTTP][39m [90m[39m
[35m[HTTP][39m [37m-->[39m [37mGET[39m [37m/wd/hub/session/069033d9-87a7-48b8-8e15-6e752203fec7/element/00000000-0000-000e-ffff-ffff000000b9/location[39m
[35m[HTTP][39m [90m{}[39m
[35m[W3C (069033d9)][39m Driver proxy active, passing request on via HTTP proxy
[35m[WD Proxy][39m Replacing sessionId 2a65c969-c0f3-41fb-8b4b-92994a618493 with 069033d9-87a7-48b8-8e15-6e752203fec7
[35m[HTTP][39m [37m<-- GET /wd/hub/session/069033d9-87a7-48b8-8e15-6e752203fec7/element/00000000-0000-000e-ffff-ffff000000b9/location [39m[32m200[39m [90m23 ms - 77[39m
[35m[HTTP][39m [90m[39m
[35m[HTTP][39m [37m-->[39m [37mPOST[39m [37m/wd/hub/session/069033d9-87a7-48b8-8e15-6e752203fec7/touch/perform[39m
[35m[HTTP][39m [90m{"actions":[{"action":"tap","options":{"x":1,"y":1,"element":"00000000-0000-000e-ffff-ffff000000b9"}}]}[39m
[35m[UiAutomator2][39m calling get location: 00000000-0000-000e-ffff-ffff000000b9
[35m[HTTP][39m [37m<-- POST /wd/hub/session/069033d9-87a7-48b8-8e15-6e752203fec7/touch/perform [39m[32m200[39m [90m191 ms - 14[39m
[35m[HTTP][39m [90m[39m
[35m[HTTP][39m [37m-->[39m [37mGET[39m [37m/wd/hub/session/069033d9-87a7-48b8-8e15-6e752203fec7/source[39m
[35m[HTTP][39m [90m{}[39m
[35m[W3C (069033d9)][39m Driver proxy active, passing request on via HTTP proxy
[35m[WD Proxy][39m Replacing sessionId 2a65c969-c0f3-41fb-8b4b-92994a618493 with 069033d9-87a7-48b8-8e15-6e752203fec7
[35m[HTTP][39m [37m<-- GET /wd/hub/session/069033d9-87a7-48b8-8e15-6e752203fec7/source [39m[32m200[39m [90m602 ms - 20851[39m
[35m[HTTP][39m [90m[39m
[35m[HTTP][39m [37m-->[39m [37mGET[39m [37m/wd/hub/session/069033d9-87a7-48b8-8e15-6e752203fec7/screenshot[39m
[35m[HTTP][39m [90m{}[39m
[35m[HTTP][39m [37m<-- GET /wd/hub/session/069033d9-87a7-48b8-8e15-6e752203fec7/screenshot [39m[32m200[39m [90m510 ms - 197526[39m
[35m[HTTP][39m [90m[39m
[35m[HTTP][39m [37m-->[39m [37mGET[39m [37m/wd/hub/session/069033d9-87a7-48b8-8e15-6e752203fec7/source[39m
[35m[HTTP][39m [90m{}[39m
[35m[W3C (069033d9)][39m Driver proxy active, passing request on via HTTP proxy
[35m[WD Proxy][39m Replacing sessionId 2a65c969-c0f3-41fb-8b4b-92994a618493 with 069033d9-87a7-48b8-8e15-6e752203fec7
[35m[HTTP][39m [37m<-- GET /wd/hub/session/069033d9-87a7-48b8-8e15-6e752203fec7/source [39m[32m200[39m [90m225 ms - 52934[39m
[35m[HTTP][39m [90m[39m
[35m[HTTP][39m [37m-->[39m [37mGET[39m [37m/wd/hub/session/069033d9-87a7-48b8-8e15-6e752203fec7/screenshot[39m
[35m[HTTP][39m [90m{}[39m
[35m[HTTP][39m [37m<-- GET /wd/hub/session/069033d9-87a7-48b8-8e15-6e752203fec7/screenshot [39m[32m200[39m [90m225 ms - 190120[39m
[35m[HTTP][39m [90m[39m
[35m[HTTP][39m [37m-->[39m [37mGET[39m [37m/wd/hub/session/069033d9-87a7-48b8-8e15-6e752203fec7/window/rect[39m
[35m[HTTP][39m [90m{}[39m
[35m[HTTP][39m [37m<-- GET /wd/hub/session/069033d9-87a7-48b8-8e15-6e752203fec7/window/rect [39m[32m200[39m [90m11 ms - 50[39m
[35m[HTTP][39m [90m[39m
[35m[HTTP][39m [37m-->[39m [37mPOST[39m [37m/wd/hub/session/069033d9-87a7-48b8-8e15-6e752203fec7/elements[39m
[35m[HTTP][39m [90m{"using":"xpath","value":"//hierarchy/android.widget.FrameLayout[1]/android.widget.LinearLayout[1]/android.widget.FrameLayout[1]/android.widget.FrameLayout[1]/android.widget.FrameLayout[1]/android.view.ViewGroup[1]/android.widget.FrameLayout[1]/android.widget.FrameLayout[1]/android.widget.RelativeLayout[1]/android.view.ViewGroup[1]/android.widget.LinearLayout[1]/android.widget.FrameLayout[1]/android.widget.RelativeLayout[1]/android.widget.ScrollView[1]/android.widget.RelativeLayout[1]/android.widget.LinearLayout[1]/android.widget.FrameLayout[1]/android.widget.LinearLayout[1]/android.widget.LinearLayout[1]/android.view.ViewGroup[1]/android.view.ViewGroup[1]/android.widget.FrameLayout[1]/android.widget.EditText[1]"}[39m
[35m[HTTP][39m [37m<-- POST /wd/hub/session/069033d9-87a7-48b8-8e15-6e752203fec7/elements [39m[32m200[39m [90m55 ms - 139[39m
[35m[HTTP][39m [90m[39m
[35m[HTTP][39m [37m-->[39m [37mGET[39m [37m/wd/hub/session/069033d9-87a7-48b8-8e15-6e752203fec7/element/00000000-0000-0012-ffff-ffff0000040e/location[39m
[35m[HTTP][39m [90m{}[39m
[35m[W3C (069033d9)][39m Driver proxy active, passing request on via HTTP proxy
[35m[WD Proxy][39m Replacing sessionId 2a65c969-c0f3-41fb-8b4b-92994a618493 with 069033d9-87a7-48b8-8e15-6e752203fec7
[35m[HTTP][39m [37m<-- GET /wd/hub/session/069033d9-87a7-48b8-8e15-6e752203fec7/element/00000000-0000-0012-ffff-ffff0000040e/location [39m[32m200[39m [90m9 ms - 77[39m
[35m[HTTP][39m [90m[39m
[35m[HTTP][39m [37m-->[39m [37mPOST[39m [37m/wd/hub/session/069033d9-87a7-48b8-8e15-6e752203fec7/touch/perform[39m
[35m[HTTP][39m [90m{"actions":[{"action":"tap","options":{"x":1,"y":1,"element":"00000000-0000-0012-ffff-ffff0000040e"}}]}[39m
[35m[UiAutomator2][39m calling get location: 00000000-0000-0012-ffff-ffff0000040e
[35m[HTTP][39m [37m<-- POST /wd/hub/session/069033d9-87a7-48b8-8e15-6e752203fec7/touch/perform [39m[32m200[39m [90m157 ms - 14[39m
[35m[HTTP][39m [90m[39m
[35m[HTTP][39m [37m-->[39m [37mGET[39m [37m/wd/hub/session/069033d9-87a7-48b8-8e15-6e752203fec7/source[39m
[35m[HTTP][39m [90m{}[39m
[35m[W3C (069033d9)][39m Driver proxy active, passing request on via HTTP proxy
[35m[WD Proxy][39m Replacing sessionId 2a65c969-c0f3-41fb-8b4b-92994a618493 with 069033d9-87a7-48b8-8e15-6e752203fec7
[35m[HTTP][39m [37m<-- GET /wd/hub/session/069033d9-87a7-48b8-8e15-6e752203fec7/source [39m[32m200[39m [90m480 ms - 23685[39m
[35m[HTTP][39m [90m[39m
[35m[HTTP][39m [37m-->[39m [37mGET[39m [37m/wd/hub/session/069033d9-87a7-48b8-8e15-6e752203fec7/screenshot[39m
[35m[HTTP][39m [90m{}[39m
[35m[HTTP][39m [37m<-- GET /wd/hub/session/069033d9-87a7-48b8-8e15-6e752203fec7/screenshot [39m[32m200[39m [90m261 ms - 216274[39m
[35m[HTTP][39m [90m[39m
[35m[HTTP][39m [37m-->[39m [37mGET[39m [37m/wd/hub/session/069033d9-87a7-48b8-8e15-6e752203fec7/window/rect[39m
[35m[HTTP][39m [90m{}[39m
[35m[HTTP][39m [37m<-- GET /wd/hub/session/069033d9-87a7-48b8-8e15-6e752203fec7/window/rect [39m[32m200[39m [90m8 ms - 50[39m
[35m[HTTP][39m [90m[39m
[35m[HTTP][39m [37m-->[39m [37mPOST[39m [37m/wd/hub/session/069033d9-87a7-48b8-8e15-6e752203fec7/elements[39m
[35m[HTTP][39m [90m{"using":"xpath","value":"//hierarchy/android.widget.FrameLayout[1]/android.widget.LinearLayout[1]/android.widget.FrameLayout[1]/android.widget.FrameLayout[1]/android.widget.FrameLayout[1]/android.view.ViewGroup[1]/androidx.recyclerview.widget.RecyclerView[1]/android.view.ViewGroup[1]/android.widget.TextView[1]"}[39m
[35m[HTTP][39m [37m<-- POST /wd/hub/session/069033d9-87a7-48b8-8e15-6e752203fec7/elements [39m[32m200[39m [90m28 ms - 139[39m
[35m[HTTP][39m [90m[39m
[35m[HTTP][39m [37m-->[39m [37mGET[39m [37m/wd/hub/session/069033d9-87a7-48b8-8e15-6e752203fec7/element/00000000-0000-0013-ffff-ffff00000733/location[39m
[35m[HTTP][39m [90m{}[39m
[35m[W3C (069033d9)][39m Driver proxy active, passing request on via HTTP proxy
[35m[WD Proxy][39m Replacing sessionId 2a65c969-c0f3-41fb-8b4b-92994a618493 with 069033d9-87a7-48b8-8e15-6e752203fec7
[35m[HTTP][39m [37m<-- GET /wd/hub/session/069033d9-87a7-48b8-8e15-6e752203fec7/element/00000000-0000-0013-ffff-ffff00000733/location [39m[32m200[39m [90m12 ms - 77[39m
[35m[HTTP][39m [90m[39m
[35m[HTTP][39m [37m-->[39m [37mPOST[39m [37m/wd/hub/session/069033d9-87a7-48b8-8e15-6e752203fec7/touch/perform[39m
[35m[HTTP][39m [90m{"actions":[{"action":"tap","options":{"x":1,"y":1,"element":"00000000-0000-0013-ffff-ffff00000733"}}]}[39m
[35m[UiAutomator2][39m calling get location: 00000000-0000-0013-ffff-ffff00000733
[35m[HTTP][39m [37m<-- POST /wd/hub/session/069033d9-87a7-48b8-8e15-6e752203fec7/touch/perform [39m[32m200[39m [90m164 ms - 14[39m
[35m[HTTP][39m [90m[39m
[35m[HTTP][39m [37m-->[39m [37mGET[39m [37m/wd/hub/session/069033d9-87a7-48b8-8e15-6e752203fec7/source[39m
[35m[HTTP][39m [90m{}[39m
[35m[W3C (069033d9)][39m Driver proxy active, passing request on via HTTP proxy
[35m[WD Proxy][39m Replacing sessionId 2a65c969-c0f3-41fb-8b4b-92994a618493 with 069033d9-87a7-48b8-8e15-6e752203fec7
[35m[HTTP][39m [37m<-- GET /wd/hub/session/069033d9-87a7-48b8-8e15-6e752203fec7/source [39m[32m200[39m [90m186 ms - 52934[39m
[35m[HTTP][39m [90m[39m
[35m[HTTP][39m [37m-->[39m [37mGET[39m [37m/wd/hub/session/069033d9-87a7-48b8-8e15-6e752203fec7/screenshot[39m
[35m[HTTP][39m [90m{}[39m
[35m[HTTP][39m [37m<-- GET /wd/hub/session/069033d9-87a7-48b8-8e15-6e752203fec7/screenshot [39m[32m200[39m [90m257 ms - 189590[39m
[35m[HTTP][39m [90m[39m
[35m[HTTP][39m [37m-->[39m [37mGET[39m [37m/wd/hub/session/069033d9-87a7-48b8-8e15-6e752203fec7/window/rect[39m
[35m[HTTP][39m [90m{}[39m
[35m[HTTP][39m [37m<-- GET /wd/hub/session/069033d9-87a7-48b8-8e15-6e752203fec7/window/rect [39m[32m200[39m [90m7 ms - 50[39m
[35m[HTTP][39m [90m[39m
[35m[HTTP][39m [37m-->[39m [37mPOST[39m [37m/wd/hub/session/069033d9-87a7-48b8-8e15-6e752203fec7/elements[39m
[35m[HTTP][39m [90m{"using":"xpath","value":"//hierarchy/android.widget.FrameLayout[1]/android.widget.LinearLayout[1]/android.widget.FrameLayout[1]/android.widget.FrameLayout[1]/android.widget.FrameLayout[1]/android.view.ViewGroup[1]/android.widget.FrameLayout[1]/android.widget.FrameLayout[1]/android.widget.RelativeLayout[1]/android.view.ViewGroup[1]/android.widget.LinearLayout[1]/android.widget.FrameLayout[1]/android.widget.RelativeLayout[1]/android.widget.ScrollView[1]/android.widget.RelativeLayout[1]/android.widget.LinearLayout[1]/android.widget.FrameLayout[1]/android.widget.LinearLayout[1]/android.widget.LinearLayout[1]/android.view.ViewGroup[1]/android.view.ViewGroup[2]/android.widget.FrameLayout[1]/android.widget.EditText[1]"}[39m
[35m[HTTP][39m [37m<-- POST /wd/hub/session/069033d9-87a7-48b8-8e15-6e752203fec7/elements [39m[32m200[39m [90m50 ms - 139[39m
[35m[HTTP][39m [90m[39m
[35m[HTTP][39m [37m-->[39m [37mGET[39m [37m/wd/hub/session/069033d9-87a7-48b8-8e15-6e752203fec7/element/00000000-0000-0012-ffff-ffff0000040f/location[39m
[35m[HTTP][39m [90m{}[39m
[35m[W3C (069033d9)][39m Driver proxy active, passing request on via HTTP proxy
[35m[WD Proxy][39m Replacing sessionId 2a65c969-c0f3-41fb-8b4b-92994a618493 with 069033d9-87a7-48b8-8e15-6e752203fec7
[35m[HTTP][39m [37m<-- GET /wd/hub/session/069033d9-87a7-48b8-8e15-6e752203fec7/element/00000000-0000-0012-ffff-ffff0000040f/location [39m[32m200[39m [90m10 ms - 77[39m
[35m[HTTP][39m [90m[39m
[35m[HTTP][39m [37m-->[39m [37mPOST[39m [37m/wd/hub/session/069033d9-87a7-48b8-8e15-6e752203fec7/touch/perform[39m
[35m[HTTP][39m [90m{"actions":[{"action":"tap","options":{"x":1,"y":1,"element":"00000000-0000-0012-ffff-ffff0000040f"}}]}[39m
[35m[UiAutomator2][39m calling get location: 00000000-0000-0012-ffff-ffff0000040f
[35m[HTTP][39m [37m<-- POST /wd/hub/session/069033d9-87a7-48b8-8e15-6e752203fec7/touch/perform [39m[32m200[39m [90m143 ms - 14[39m
[35m[HTTP][39m [90m[39m
[35m[HTTP][39m [37m-->[39m [37mGET[39m [37m/wd/hub/session/069033d9-87a7-48b8-8e15-6e752203fec7/source[39m
[35m[HTTP][39m [90m{}[39m
[35m[W3C (069033d9)][39m Driver proxy active, passing request on via HTTP proxy
[35m[WD Proxy][39m Replacing sessionId 2a65c969-c0f3-41fb-8b4b-92994a618493 with 069033d9-87a7-48b8-8e15-6e752203fec7
[35m[HTTP][39m [37m<-- GET /wd/hub/session/069033d9-87a7-48b8-8e15-6e752203fec7/source [39m[32m200[39m [90m421 ms - 23685[39m
[35m[HTTP][39m [90m[39m
[35m[HTTP][39m [37m-->[39m [37mGET[39m [37m/wd/hub/session/069033d9-87a7-48b8-8e15-6e752203fec7/screenshot[39m
[35m[HTTP][39m [90m{}[39m
[35m[HTTP][39m [37m<-- GET /wd/hub/session/069033d9-87a7-48b8-8e15-6e752203fec7/screenshot [39m[32m200[39m [90m226 ms - 216274[39m
[35m[HTTP][39m [90m[39m
[35m[HTTP][39m [37m-->[39m [37mGET[39m [37m/wd/hub/session/069033d9-87a7-48b8-8e15-6e752203fec7/window/rect[39m
[35m[HTTP][39m [90m{}[39m
[35m[HTTP][39m [37m<-- GET /wd/hub/session/069033d9-87a7-48b8-8e15-6e752203fec7/window/rect [39m[32m200[39m [90m8 ms - 50[39m
[35m[HTTP][39m [90m[39m
[35m[HTTP][39m [37m-->[39m [37mPOST[39m [37m/wd/hub/session/069033d9-87a7-48b8-8e15-6e752203fec7/elements[39m
[35m[HTTP][39m [90m{"using":"xpath","value":"//hierarchy/android.widget.FrameLayout[1]/android.widget.LinearLayout[1]/android.widget.FrameLayout[1]/android.widget.FrameLayout[1]/android.widget.FrameLayout[1]/android.view.ViewGroup[1]/androidx.recyclerview.widget.RecyclerView[1]/android.view.ViewGroup[3]/android.widget.TextView[1]"}[39m
[35m[HTTP][39m [37m<-- POST /wd/hub/session/069033d9-87a7-48b8-8e15-6e752203fec7/elements [39m[32m200[39m [90m38 ms - 139[39m
[35m[HTTP][39m [90m[39m
[35m[HTTP][39m [37m-->[39m [37mGET[39m [37m/wd/hub/session/069033d9-87a7-48b8-8e15-6e752203fec7/element/00000000-0000-0014-ffff-ffff00000783/location[39m
[35m[HTTP][39m [90m{}[39m
[35m[W3C (069033d9)][39m Driver proxy active, passing request on via HTTP proxy
[35m[WD Proxy][39m Replacing sessionId 2a65c969-c0f3-41fb-8b4b-92994a618493 with 069033d9-87a7-48b8-8e15-6e752203fec7
[35m[HTTP][39m [37m<-- GET /wd/hub/session/069033d9-87a7-48b8-8e15-6e752203fec7/element/00000000-0000-0014-ffff-ffff00000783/location [39m[32m200[39m [90m11 ms - 77[39m
[35m[HTTP][39m [90m[39m
[35m[HTTP][39m [37m-->[39m [37mPOST[39m [37m/wd/hub/session/069033d9-87a7-48b8-8e15-6e752203fec7/touch/perform[39m
[35m[HTTP][39m [90m{"actions":[{"action":"tap","options":{"x":1,"y":1,"element":"00000000-0000-0014-ffff-ffff00000783"}}]}[39m
[35m[UiAutomator2][39m calling get location: 00000000-0000-0014-ffff-ffff00000783
[35m[HTTP][39m [37m<-- POST /wd/hub/session/069033d9-87a7-48b8-8e15-6e752203fec7/touch/perform [39m[32m200[39m [90m164 ms - 14[39m
[35m[HTTP][39m [90m[39m
[35m[HTTP][39m [37m-->[39m [37mGET[39m [37m/wd/hub/session/069033d9-87a7-48b8-8e15-6e752203fec7/source[39m
[35m[HTTP][39m [90m{}[39m
[35m[W3C (069033d9)][39m Driver proxy active, passing request on via HTTP proxy
[35m[WD Proxy][39m Replacing sessionId 2a65c969-c0f3-41fb-8b4b-92994a618493 with 069033d9-87a7-48b8-8e15-6e752203fec7
[35m[HTTP][39m [37m<-- GET /wd/hub/session/069033d9-87a7-48b8-8e15-6e752203fec7/source [39m[32m200[39m [90m189 ms - 52941[39m
[35m[HTTP][39m [90m[39m
[35m[HTTP][39m [37m-->[39m [37mGET[39m [37m/wd/hub/session/069033d9-87a7-48b8-8e15-6e752203fec7/screenshot[39m
[35m[HTTP][39m [90m{}[39m
[35m[HTTP][39m [37m<-- GET /wd/hub/session/069033d9-87a7-48b8-8e15-6e752203fec7/screenshot [39m[32m200[39m [90m203 ms - 192516[39m
[35m[HTTP][39m [90m[39m
[35m[HTTP][39m [37m-->[39m [37mGET[39m [37m/wd/hub/session/069033d9-87a7-48b8-8e15-6e752203fec7/window/rect[39m
[35m[HTTP][39m [90m{}[39m
[35m[HTTP][39m [37m<-- GET /wd/hub/session/069033d9-87a7-48b8-8e15-6e752203fec7/window/rect [39m[32m200[39m [90m6 ms - 50[39m
[35m[HTTP][39m [90m[39m
[35m[HTTP][39m [37m-->[39m [37mPOST[39m [37m/wd/hub/session/069033d9-87a7-48b8-8e15-6e752203fec7/elements[39m
[35m[HTTP][39m [90m{"using":"xpath","value":"//hierarchy/android.widget.FrameLayout[1]/android.widget.LinearLayout[1]/android.widget.FrameLayout[1]/android.widget.FrameLayout[1]/android.widget.FrameLayout[1]/android.view.ViewGroup[1]/android.widget.FrameLayout[1]/android.widget.FrameLayout[1]/android.widget.RelativeLayout[1]/android.view.ViewGroup[1]/android.widget.LinearLayout[1]/android.widget.FrameLayout[1]/android.widget.RelativeLayout[1]/android.widget.ScrollView[1]/android.widget.RelativeLayout[1]/android.widget.LinearLayout[2]/android.view.ViewGroup[1]/android.view.ViewGroup[1]/android.widget.FrameLayout[1]/android.widget.EditText[1]"}[39m
[35m[HTTP][39m [37m<-- POST /wd/hub/session/069033d9-87a7-48b8-8e15-6e752203fec7/elements [39m[32m200[39m [90m44 ms - 139[39m
[35m[HTTP][39m [90m[39m
[35m[HTTP][39m [37m-->[39m [37mGET[39m [37m/wd/hub/session/069033d9-87a7-48b8-8e15-6e752203fec7/element/00000000-0000-0012-ffff-ffff00000438/location[39m
[35m[HTTP][39m [90m{}[39m
[35m[W3C (069033d9)][39m Driver proxy active, passing request on via HTTP proxy
[35m[WD Proxy][39m Replacing sessionId 2a65c969-c0f3-41fb-8b4b-92994a618493 with 069033d9-87a7-48b8-8e15-6e752203fec7
[35m[HTTP][39m [37m<-- GET /wd/hub/session/069033d9-87a7-48b8-8e15-6e752203fec7/element/00000000-0000-0012-ffff-ffff00000438/location [39m[32m200[39m [90m11 ms - 78[39m
[35m[HTTP][39m [90m[39m
[35m[HTTP][39m [37m-->[39m [37mPOST[39m [37m/wd/hub/session/069033d9-87a7-48b8-8e15-6e752203fec7/touch/perform[39m
[35m[HTTP][39m [90m{"actions":[{"action":"tap","options":{"x":1,"y":1,"element":"00000000-0000-0012-ffff-ffff00000438"}}]}[39m
[35m[UiAutomator2][39m calling get location: 00000000-0000-0012-ffff-ffff00000438
[35m[HTTP][39m [37m<-- POST /wd/hub/session/069033d9-87a7-48b8-8e15-6e752203fec7/touch/perform [39m[32m200[39m [90m155 ms - 14[39m
[35m[HTTP][39m [90m[39m
[35m[HTTP][39m [37m-->[39m [37mGET[39m [37m/wd/hub/session/069033d9-87a7-48b8-8e15-6e752203fec7/source[39m
[35m[HTTP][39m [90m{}[39m
[35m[W3C (069033d9)][39m Driver proxy active, passing request on via HTTP proxy
[35m[WD Proxy][39m Replacing sessionId 2a65c969-c0f3-41fb-8b4b-92994a618493 with 069033d9-87a7-48b8-8e15-6e752203fec7
[35m[HTTP][39m [37m<-- GET /wd/hub/session/069033d9-87a7-48b8-8e15-6e752203fec7/source [39m[32m200[39m [90m192 ms - 18469[39m
[35m[HTTP][39m [90m[39m
[35m[HTTP][39m [37m-->[39m [37mGET[39m [37m/wd/hub/session/069033d9-87a7-48b8-8e15-6e752203fec7/screenshot[39m
[35m[HTTP][39m [90m{}[39m
[35m[HTTP][39m [37m<-- GET /wd/hub/session/069033d9-87a7-48b8-8e15-6e752203fec7/screenshot [39m[32m200[39m [90m208 ms - 124082[39m
[35m[HTTP][39m [90m[39m
[35m[HTTP][39m [37m-->[39m [37mGET[39m [37m/wd/hub/session/069033d9-87a7-48b8-8e15-6e752203fec7/window/rect[39m
[35m[HTTP][39m [90m{}[39m
[35m[HTTP][39m [37m<-- GET /wd/hub/session/069033d9-87a7-48b8-8e15-6e752203fec7/window/rect [39m[32m200[39m [90m6 ms - 50[39m
[35m[HTTP][39m [90m[39m
[35m[HTTP][39m [37m-->[39m [37mPOST[39m [37m/wd/hub/session/069033d9-87a7-48b8-8e15-6e752203fec7/elements[39m
[35m[HTTP][39m [90m{"using":"xpath","value":"//hierarchy/android.widget.FrameLayout[1]/android.widget.LinearLayout[1]/android.widget.FrameLayout[1]/android.widget.FrameLayout[1]/android.widget.FrameLayout[1]/android.widget.FrameLayout[1]/android.view.ViewGroup[1]/android.widget.FrameLayout[1]/android.view.ViewGroup[1]/android.widget.LinearLayout[1]/android.widget.LinearLayout[1]/android.widget.LinearLayout[1]/android.view.ViewGroup[2]/android.widget.ScrollView[1]/android.widget.FrameLayout[1]/android.widget.FrameLayout[1]/android.widget.LinearLayout[1]/android.widget.LinearLayout[1]/android.widget.LinearLayout[1]/android.view.View[1]"}[39m
[35m[HTTP][39m [37m<-- POST /wd/hub/session/069033d9-87a7-48b8-8e15-6e752203fec7/elements [39m[32m200[39m [90m23 ms - 139[39m
[35m[HTTP][39m [90m[39m
[35m[HTTP][39m [37m-->[39m [37mGET[39m [37m/wd/hub/session/069033d9-87a7-48b8-8e15-6e752203fec7/element/00000000-0000-0015-ffff-ffff000007c7/location[39m
[35m[HTTP][39m [90m{}[39m
[35m[W3C (069033d9)][39m Driver proxy active, passing request on via HTTP proxy
[35m[WD Proxy][39m Replacing sessionId 2a65c969-c0f3-41fb-8b4b-92994a618493 with 069033d9-87a7-48b8-8e15-6e752203fec7
[35m[HTTP][39m [37m<-- GET /wd/hub/session/069033d9-87a7-48b8-8e15-6e752203fec7/element/00000000-0000-0015-ffff-ffff000007c7/location [39m[32m200[39m [90m14 ms - 77[39m
[35m[HTTP][39m [90m[39m
[35m[HTTP][39m [37m-->[39m [37mPOST[39m [37m/wd/hub/session/069033d9-87a7-48b8-8e15-6e752203fec7/touch/perform[39m
[35m[HTTP][39m [90m{"actions":[{"action":"tap","options":{"x":1,"y":1,"element":"00000000-0000-0015-ffff-ffff000007c7"}}]}[39m
[35m[UiAutomator2][39m calling get location: 00000000-0000-0015-ffff-ffff000007c7
[35m[HTTP][39m [37m<-- POST /wd/hub/session/069033d9-87a7-48b8-8e15-6e752203fec7/touch/perform [39m[32m200[39m [90m145 ms - 14[39m
[35m[HTTP][39m [90m[39m
[35m[HTTP][39m [37m-->[39m [37mGET[39m [37m/wd/hub/session/069033d9-87a7-48b8-8e15-6e752203fec7/source[39m
[35m[HTTP][39m [90m{}[39m
[35m[W3C (069033d9)][39m Driver proxy active, passing request on via HTTP proxy
[35m[WD Proxy][39m Replacing sessionId 2a65c969-c0f3-41fb-8b4b-92994a618493 with 069033d9-87a7-48b8-8e15-6e752203fec7
[35m[HTTP][39m [37m<-- GET /wd/hub/session/069033d9-87a7-48b8-8e15-6e752203fec7/source [39m[32m200[39m [90m72 ms - 18469[39m
[35m[HTTP][39m [90m[39m
[35m[HTTP][39m [37m-->[39m [37mGET[39m [37m/wd/hub/session/069033d9-87a7-48b8-8e15-6e752203fec7/screenshot[39m
[35m[HTTP][39m [90m{}[39m
[35m[HTTP][39m [37m<-- GET /wd/hub/session/069033d9-87a7-48b8-8e15-6e752203fec7/screenshot [39m[32m200[39m [90m219 ms - 123954[39m
[35m[HTTP][39m [90m[39m
[35m[HTTP][39m [37m-->[39m [37mGET[39m [37m/wd/hub/session/069033d9-87a7-48b8-8e15-6e752203fec7/window/rect[39m
[35m[HTTP][39m [90m{}[39m
[35m[HTTP][39m [37m<-- GET /wd/hub/session/069033d9-87a7-48b8-8e15-6e752203fec7/window/rect [39m[32m200[39m [90m7 ms - 50[39m
[35m[HTTP][39m [90m[39m
[35m[HTTP][39m [37m-->[39m [37mPOST[39m [37m/wd/hub/session/069033d9-87a7-48b8-8e15-6e752203fec7/elements[39m
[35m[HTTP][39m [90m{"using":"xpath","value":"//hierarchy/android.widget.FrameLayout[1]/android.widget.LinearLayout[1]/android.widget.FrameLayout[1]/android.widget.FrameLayout[1]/android.widget.FrameLayout[1]/android.widget.FrameLayout[1]/android.view.ViewGroup[1]/android.widget.FrameLayout[1]/android.view.ViewGroup[1]/android.widget.LinearLayout[1]/android.widget.LinearLayout[1]/android.widget.LinearLayout[1]/android.view.ViewGroup[2]/android.widget.ScrollView[1]/android.widget.FrameLayout[1]/android.widget.FrameLayout[1]/android.widget.LinearLayout[1]/android.widget.LinearLayout[1]/android.widget.LinearLayout[2]/android.view.View[1]"}[39m
[35m[HTTP][39m [37m<-- POST /wd/hub/session/069033d9-87a7-48b8-8e15-6e752203fec7/elements [39m[32m200[39m [90m22 ms - 139[39m
[35m[HTTP][39m [90m[39m
[35m[HTTP][39m [37m-->[39m [37mGET[39m [37m/wd/hub/session/069033d9-87a7-48b8-8e15-6e752203fec7/element/00000000-0000-0015-ffff-ffff000007cb/location[39m
[35m[HTTP][39m [90m{}[39m
[35m[W3C (069033d9)][39m Driver proxy active, passing request on via HTTP proxy
[35m[WD Proxy][39m Replacing sessionId 2a65c969-c0f3-41fb-8b4b-92994a618493 with 069033d9-87a7-48b8-8e15-6e752203fec7
[35m[HTTP][39m [37m<-- GET /wd/hub/session/069033d9-87a7-48b8-8e15-6e752203fec7/element/00000000-0000-0015-ffff-ffff000007cb/location [39m[32m200[39m [90m10 ms - 79[39m
[35m[HTTP][39m [90m[39m
[35m[HTTP][39m [37m-->[39m [37mPOST[39m [37m/wd/hub/session/069033d9-87a7-48b8-8e15-6e752203fec7/touch/perform[39m
[35m[HTTP][39m [90m{"actions":[{"action":"tap","options":{"x":1,"y":1,"element":"00000000-0000-0015-ffff-ffff000007cb"}}]}[39m
[35m[UiAutomator2][39m calling get location: 00000000-0000-0015-ffff-ffff000007cb
[35m[HTTP][39m [37m<-- POST /wd/hub/session/069033d9-87a7-48b8-8e15-6e752203fec7/touch/perform [39m[32m200[39m [90m142 ms - 14[39m
[35m[HTTP][39m [90m[39m
[35m[HTTP][39m [37m-->[39m [37mGET[39m [37m/wd/hub/session/069033d9-87a7-48b8-8e15-6e752203fec7/source[39m
[35m[HTTP][39m [90m{}[39m
[35m[W3C (069033d9)][39m Driver proxy active, passing request on via HTTP proxy
[35m[WD Proxy][39m Replacing sessionId 2a65c969-c0f3-41fb-8b4b-92994a618493 with 069033d9-87a7-48b8-8e15-6e752203fec7
[35m[HTTP][39m [37m<-- GET /wd/hub/session/069033d9-87a7-48b8-8e15-6e752203fec7/source [39m[32m200[39m [90m71 ms - 18469[39m
[35m[HTTP][39m [90m[39m
[35m[HTTP][39m [37m-->[39m [37mGET[39m [37m/wd/hub/session/069033d9-87a7-48b8-8e15-6e752203fec7/screenshot[39m
[35m[HTTP][39m [90m{}[39m
[35m[HTTP][39m [37m<-- GET /wd/hub/session/069033d9-87a7-48b8-8e15-6e752203fec7/screenshot [39m[32m200[39m [90m231 ms - 123954[39m
[35m[HTTP][39m [90m[39m
[35m[HTTP][39m [37m-->[39m [37mGET[39m [37m/wd/hub/session/069033d9-87a7-48b8-8e15-6e752203fec7/window/rect[39m
[35m[HTTP][39m [90m{}[39m
[35m[HTTP][39m [37m<-- GET /wd/hub/session/069033d9-87a7-48b8-8e15-6e752203fec7/window/rect [39m[32m200[39m [90m7 ms - 50[39m
[35m[HTTP][39m [90m[39m
[35m[HTTP][39m [37m-->[39m [37mPOST[39m [37m/wd/hub/session/069033d9-87a7-48b8-8e15-6e752203fec7/elements[39m
[35m[HTTP][39m [90m{"using":"xpath","value":"//hierarchy/android.widget.FrameLayout[1]/android.widget.LinearLayout[1]/android.widget.FrameLayout[1]/android.widget.FrameLayout[1]/android.widget.FrameLayout[1]/android.widget.FrameLayout[1]/android.view.ViewGroup[1]/android.widget.FrameLayout[1]/android.view.ViewGroup[1]/android.widget.LinearLayout[1]/android.widget.LinearLayout[1]/android.widget.LinearLayout[1]/android.view.ViewGroup[2]/android.widget.FrameLayout[1]/android.widget.LinearLayout[1]/android.widget.Button[2]"}[39m
[35m[HTTP][39m [37m<-- POST /wd/hub/session/069033d9-87a7-48b8-8e15-6e752203fec7/elements [39m[32m200[39m [90m22 ms - 139[39m
[35m[HTTP][39m [90m[39m
[35m[HTTP][39m [37m-->[39m [37mGET[39m [37m/wd/hub/session/069033d9-87a7-48b8-8e15-6e752203fec7/element/00000000-0000-0015-ffff-ffff000007be/location[39m
[35m[HTTP][39m [90m{}[39m
[35m[W3C (069033d9)][39m Driver proxy active, passing request on via HTTP proxy
[35m[WD Proxy][39m Replacing sessionId 2a65c969-c0f3-41fb-8b4b-92994a618493 with 069033d9-87a7-48b8-8e15-6e752203fec7
[35m[HTTP][39m [37m<-- GET /wd/hub/session/069033d9-87a7-48b8-8e15-6e752203fec7/element/00000000-0000-0015-ffff-ffff000007be/location [39m[32m200[39m [90m9 ms - 79[39m
[35m[HTTP][39m [90m[39m
[35m[HTTP][39m [37m-->[39m [37mPOST[39m [37m/wd/hub/session/069033d9-87a7-48b8-8e15-6e752203fec7/touch/perform[39m
[35m[HTTP][39m [90m{"actions":[{"action":"tap","options":{"x":1,"y":1,"element":"00000000-0000-0015-ffff-ffff000007be"}}]}[39m
[35m[UiAutomator2][39m calling get location: 00000000-0000-0015-ffff-ffff000007be
[35m[HTTP][39m [37m<-- POST /wd/hub/session/069033d9-87a7-48b8-8e15-6e752203fec7/touch/perform [39m[32m200[39m [90m160 ms - 14[39m
[35m[HTTP][39m [90m[39m
[35m[HTTP][39m [37m-->[39m [37mGET[39m [37m/wd/hub/session/069033d9-87a7-48b8-8e15-6e752203fec7/source[39m
[35m[HTTP][39m [90m{}[39m
[35m[W3C (069033d9)][39m Driver proxy active, passing request on via HTTP proxy
[35m[WD Proxy][39m Replacing sessionId 2a65c969-c0f3-41fb-8b4b-92994a618493 with 069033d9-87a7-48b8-8e15-6e752203fec7
[35m[HTTP][39m [37m<-- GET /wd/hub/session/069033d9-87a7-48b8-8e15-6e752203fec7/source [39m[32m200[39m [90m192 ms - 52941[39m
[35m[HTTP][39m [90m[39m
[35m[HTTP][39m [37m-->[39m [37mGET[39m [37m/wd/hub/session/069033d9-87a7-48b8-8e15-6e752203fec7/screenshot[39m
[35m[HTTP][39m [90m{}[39m
[35m[HTTP][39m [37m<-- GET /wd/hub/session/069033d9-87a7-48b8-8e15-6e752203fec7/screenshot [39m[32m200[39m [90m204 ms - 192352[39m
[35m[HTTP][39m [90m[39m
[35m[HTTP][39m [37m-->[39m [37mGET[39m [37m/wd/hub/session/069033d9-87a7-48b8-8e15-6e752203fec7/window/rect[39m
[35m[HTTP][39m [90m{}[39m
[35m[HTTP][39m [37m<-- GET /wd/hub/session/069033d9-87a7-48b8-8e15-6e752203fec7/window/rect [39m[32m200[39m [90m6 ms - 50[39m
[35m[HTTP][39m [90m[39m
[35m[HTTP][39m [37m-->[39m [37mPOST[39m [37m/wd/hub/session/069033d9-87a7-48b8-8e15-6e752203fec7/elements[39m
[35m[HTTP][39m [90m{"using":"xpath","value":"//hierarchy/android.widget.FrameLayout[1]/android.widget.LinearLayout[1]/android.widget.FrameLayout[1]/android.widget.FrameLayout[1]/android.widget.FrameLayout[1]/android.view.ViewGroup[1]/android.widget.FrameLayout[1]/android.widget.FrameLayout[1]/android.widget.RelativeLayout[1]/android.view.ViewGroup[1]/android.widget.LinearLayout[1]/android.widget.FrameLayout[1]/android.widget.RelativeLayout[1]/android.widget.ScrollView[1]/android.widget.RelativeLayout[1]/android.widget.LinearLayout[2]/android.view.ViewGroup[1]/android.widget.Button[1]"}[39m
[35m[HTTP][39m [37m<-- POST /wd/hub/session/069033d9-87a7-48b8-8e15-6e752203fec7/elements [39m[32m200[39m [90m43 ms - 139[39m
[35m[HTTP][39m [90m[39m
[35m[HTTP][39m [37m-->[39m [37mGET[39m [37m/wd/hub/session/069033d9-87a7-48b8-8e15-6e752203fec7/element/00000000-0000-0012-ffff-ffff00000451/location[39m
[35m[HTTP][39m [90m{}[39m
[35m[W3C (069033d9)][39m Driver proxy active, passing request on via HTTP proxy
[35m[WD Proxy][39m Replacing sessionId 2a65c969-c0f3-41fb-8b4b-92994a618493 with 069033d9-87a7-48b8-8e15-6e752203fec7
[35m[HTTP][39m [37m<-- GET /wd/hub/session/069033d9-87a7-48b8-8e15-6e752203fec7/element/00000000-0000-0012-ffff-ffff00000451/location [39m[32m200[39m [90m11 ms - 78[39m
[35m[HTTP][39m [90m[39m
[35m[HTTP][39m [37m-->[39m [37mPOST[39m [37m/wd/hub/session/069033d9-87a7-48b8-8e15-6e752203fec7/touch/perform[39m
[35m[HTTP][39m [90m{"actions":[{"action":"tap","options":{"x":1,"y":1,"element":"00000000-0000-0012-ffff-ffff00000451"}}]}[39m
[35m[UiAutomator2][39m calling get location: 00000000-0000-0012-ffff-ffff00000451
[35m[HTTP][39m [37m<-- POST /wd/hub/session/069033d9-87a7-48b8-8e15-6e752203fec7/touch/perform [39m[32m200[39m [90m161 ms - 14[39m
[35m[HTTP][39m [90m[39m
[35m[HTTP][39m [37m-->[39m [37mGET[39m [37m/wd/hub/session/069033d9-87a7-48b8-8e15-6e752203fec7/source[39m
[35m[HTTP][39m [90m{}[39m
[35m[W3C (069033d9)][39m Driver proxy active, passing request on via HTTP proxy
[35m[WD Proxy][39m Replacing sessionId 2a65c969-c0f3-41fb-8b4b-92994a618493 with 069033d9-87a7-48b8-8e15-6e752203fec7
[35m[HTTP][39m [37m<-- GET /wd/hub/session/069033d9-87a7-48b8-8e15-6e752203fec7/source [39m[32m200[39m [90m308 ms - 21724[39m
[35m[HTTP][39m [90m[39m
[35m[HTTP][39m [37m-->[39m [37mGET[39m [37m/wd/hub/session/069033d9-87a7-48b8-8e15-6e752203fec7/screenshot[39m
[35m[HTTP][39m [90m{}[39m
[35m[HTTP][39m [37m<-- GET /wd/hub/session/069033d9-87a7-48b8-8e15-6e752203fec7/screenshot [39m[32m200[39m [90m231 ms - 64216[39m
[35m[HTTP][39m [90m[39m
[35m[HTTP][39m [37m-->[39m [37mDELETE[39m [37m/wd/hub/session/069033d9-87a7-48b8-8e15-6e752203fec7[39m
[35m[HTTP][39m [90m{}[39m
[35m[Appium][39m Removing session 069033d9-87a7-48b8-8e15-6e752203fec7 from our master session list
[35m[UiAutomator2][39m Restoring hidden api policy to the device default configuration
[35m[HTTP][39m [37m<-- DELETE /wd/hub/session/069033d9-87a7-48b8-8e15-6e752203fec7 [39m[32m200[39m [90m303 ms - 14[39m
[35m[HTTP][39m [90m[39m
